<?xml version="1.0" encoding="UTF-8"?>
<!-- Generated by org.testng.reporters.JUnitReportReporter -->
<testsuite hostname="USKOLIPPAL4" failures="0" tests="3" name="com.qa.opencart.test.LoginPageTest" time="0.879" errors="0" timestamp="2025-08-23T21:46:43 IST" skipped="0">
  <testcase classname="com.qa.opencart.test.LoginPageTest" name="loginPageNavigationTest" time="0.347"/>
  <testcase classname="com.qa.opencart.test.LoginPageTest" name="forgotPwdLinkExistTest" time="0.006"/>
  <testcase classname="com.qa.opencart.test.LoginPageTest" name="appLoginTest" time="0.526"/>
</testsuite> <!-- com.qa.opencart.test.LoginPageTest -->
